<?xml version="1.0" encoding="UTF-8"?>
<!-- Generated by org.testng.reporters.JUnitReportReporter -->
<testsuite hostname="DESKTOP-FSB0VIH" failures="0" tests="1" name="Training.ExtentReport_Demo" time="13.430" errors="0" timestamp="2020-08-07T16:21:21 IST" skipped="0">
  <testcase classname="Training.ExtentReport_Demo" name="initialDemo" time="13.430"/>
  <system-out/>
</testsuite> <!-- Training.ExtentReport_Demo -->
